0 info it worked if it ends with ok
1 verbose cli [ 'C:\\Program Files\\nodejs\\node.exe',
1 verbose cli   'C:\\Users\\nho3427\\AppData\\Roaming\\npm\\node_modules\\npm\\bin\\npm-cli.js',
1 verbose cli   'run',
1 verbose cli   'babel-node',
1 verbose cli   'src/api-server.js' ]
2 info using npm@3.3.6
3 info using node@v6.9.4
4 verbose run-script [ 'prebabel-node', 'babel-node', 'postbabel-node' ]
5 info lifecycle wa-clone@1.0.0~prebabel-node: wa-clone@1.0.0
6 silly lifecycle wa-clone@1.0.0~prebabel-node: no script for prebabel-node, continuing
7 info lifecycle wa-clone@1.0.0~babel-node: wa-clone@1.0.0
8 verbose lifecycle wa-clone@1.0.0~babel-node: unsafe-perm in lifecycle true
9 verbose lifecycle wa-clone@1.0.0~babel-node: PATH: C:\Users\nho3427\AppData\Roaming\npm\node_modules\npm\bin\node-gyp-bin;C:\github\wa-clone\node_modules\.bin;C:\Users\nho3427\AppData\Roaming\npm\node_modules\npm\bin\node-gyp-bin;C:\github\wa-clone\node_modules\.bin;Z:\bin;C:\Program Files\Git\mingw64\bin;C:\Program Files\Git\usr\local\bin;C:\Program Files\Git\usr\bin;C:\Program Files\Git\usr\bin;C:\Program Files\Git\mingw64\bin;C:\Program Files\Git\usr\bin;Z:\bin;C:\ProgramData\Oracle\Java\javapath;C:\Program Files (x86)\Intel\iCLS Client;C:\Program Files\Intel\iCLS Client;C:\Windows\system32;C:\Windows;C:\Windows\System32\Wbem;C:\Windows\System32\WindowsPowerShell\v1.0;C:\Program Files\Intel\Intel(R) Management Engine Components\DAL;C:\Program Files (x86)\Intel\Intel(R) Management Engine Components\DAL;C:\Program Files\Intel\Intel(R) Management Engine Components\IPT;C:\Program Files (x86)\Intel\Intel(R) Management Engine Components\IPT;C:\Program Files (x86)\Microsoft SQL Server\110\Tools\Binn\ManagementStudio;C:\Program Files (x86)\Microsoft SQL Server\110\Tools\Binn;C:\Program Files\Microsoft SQL Server\110\Tools\Binn;C:\Program Files (x86)\Microsoft SQL Server\110\DTS\Binn;C:\Program Files (x86)\Microsoft SDKs\TypeScript\1.0;C:\Program Files\Microsoft SQL Server\120\Tools\Binn;C:\Users\nho3427\.dnx\bin;C:\Program Files\Microsoft DNX\Dnvm;C:\Program Files (x86)\NVIDIA Corporation\PhysX\Common;C:\Program Files\Microsoft SQL Server\110\DTS\Binn;C:\Program Files (x86)\Microsoft Visual Studio 10.0\Common7\IDE\PrivateAssemblies;C:\Program Files\Microsoft SQL Server\130\Tools\Binn;C:\Program Files (x86)\Windows Kits\10\Windows Performance Toolkit;C:\Program Files (x86)\GitExtensions;C:\Program Files (x86)\Microsoft SQL Server\120\DTS\Binn;C:\Program Files (x86)\Microsoft SQL Server\130\DTS\Binn;C:\Program Files\nodejs;C:\Program Files\Git\cmd;C:\Program Files\Git\mingw64\bin;C:\Program Files\Git\usr\bin;C:\Program Files (x86)\Microsoft VS Code\bin;C:\Users\nho3427\AppData\Local\atom\bin;C:\Users\nho3427\AppData\Roaming\npm;C:\Program Files\Heroku\bin;C:\Program Files\Git\usr\bin\vendor_perl;C:\Program Files\Git\usr\bin\core_perl
10 verbose lifecycle wa-clone@1.0.0~babel-node: CWD: C:\github\wa-clone
11 silly lifecycle wa-clone@1.0.0~babel-node: Args: [ '/d /s /c', 'babel-node "src/api-server.js"' ]
12 silly lifecycle wa-clone@1.0.0~babel-node: Returned: code: 1  signal: null
13 info lifecycle wa-clone@1.0.0~babel-node: Failed to exec babel-node script
14 verbose stack Error: wa-clone@1.0.0 babel-node: `babel-node "src/api-server.js"`
14 verbose stack Exit status 1
14 verbose stack     at EventEmitter.<anonymous> (C:\Users\nho3427\AppData\Roaming\npm\node_modules\npm\lib\utils\lifecycle.js:233:16)
14 verbose stack     at emitTwo (events.js:106:13)
14 verbose stack     at EventEmitter.emit (events.js:191:7)
14 verbose stack     at ChildProcess.<anonymous> (C:\Users\nho3427\AppData\Roaming\npm\node_modules\npm\lib\utils\spawn.js:24:14)
14 verbose stack     at emitTwo (events.js:106:13)
14 verbose stack     at ChildProcess.emit (events.js:191:7)
14 verbose stack     at maybeClose (internal/child_process.js:877:16)
14 verbose stack     at Process.ChildProcess._handle.onexit (internal/child_process.js:226:5)
15 verbose pkgid wa-clone@1.0.0
16 verbose cwd C:\github\wa-clone
17 error Windows_NT 10.0.10240
18 error argv "C:\\Program Files\\nodejs\\node.exe" "C:\\Users\\nho3427\\AppData\\Roaming\\npm\\node_modules\\npm\\bin\\npm-cli.js" "run" "babel-node" "src/api-server.js"
19 error node v6.9.4
20 error npm  v3.3.6
21 error code ELIFECYCLE
22 error wa-clone@1.0.0 babel-node: `babel-node "src/api-server.js"`
22 error Exit status 1
23 error Failed at the wa-clone@1.0.0 babel-node script 'babel-node "src/api-server.js"'.
23 error This is most likely a problem with the wa-clone package,
23 error not with npm itself.
23 error Tell the author that this fails on your system:
23 error     babel-node "src/api-server.js"
23 error You can get their info via:
23 error     npm owner ls wa-clone
23 error There is likely additional logging output above.
24 verbose exit [ 1, true ]
